/usr/local/lib/python3.10/dist-packages/rasa/core/tracker_store.py:1044: MovedIn20Warning: Deprecated API features detected! These feature(s) are not compatible with SQLAlchemy 2.0. To prevent incompatible upgrades prior to updating applications, ensure requirements files are pinned to "sqlalchemy<2.0". Set environment variable SQLALCHEMY_WARN_20=1 to show all deprecation warnings.  Set environment variable SQLALCHEMY_SILENCE_UBER_WARNING=1 to silence this message. (Background on SQLAlchemy 2.0 at: https://sqlalche.me/e/b8d9)
  Base: DeclarativeMeta = declarative_base()
/usr/local/lib/python3.10/dist-packages/rasa/core/tracker_store.py:1044: MovedIn20Warning: Deprecated API features detected! These feature(s) are not compatible with SQLAlchemy 2.0. To prevent incompatible upgrades prior to updating applications, ensure requirements files are pinned to "sqlalchemy<2.0". Set environment variable SQLALCHEMY_WARN_20=1 to show all deprecation warnings.  Set environment variable SQLALCHEMY_SILENCE_UBER_WARNING=1 to silence this message. (Background on SQLAlchemy 2.0 at: https://sqlalche.me/e/b8d9)
  Base: DeclarativeMeta = declarative_base()
usage: rasa [-h] [--version]
            {init,run,shell,train,interactive,telemetry,test,visualize,data,export,x,evaluate} ...
rasa: error: argument {init,run,shell,train,interactive,telemetry,test,visualize,data,export,x,evaluate}: invalid choice: 'action' (choose from 'init', 'run', 'shell', 'train', 'interactive', 'telemetry', 'test', 'visualize', 'data', 'export', 'x', 'evaluate')
/usr/local/lib/python3.10/dist-packages/rasa/shared/utils/validation.py:134: DeprecationWarning: pkg_resources is deprecated as an API. See https://setuptools.pypa.io/en/latest/pkg_resources.html
  import pkg_resources
/usr/local/lib/python3.10/dist-packages/pkg_resources/__init__.py:3121: DeprecationWarning: Deprecated call to `pkg_resources.declare_namespace('google')`.
Implementing implicit namespace packages (as specified in PEP 420) is preferred to `pkg_resources.declare_namespace`. See https://setuptools.pypa.io/en/latest/references/keywords.html#keyword-namespace-packages
  declare_namespace(pkg)
/usr/local/lib/python3.10/dist-packages/pkg_resources/__init__.py:3121: DeprecationWarning: Deprecated call to `pkg_resources.declare_namespace('google.cloud')`.
Implementing implicit namespace packages (as specified in PEP 420) is preferred to `pkg_resources.declare_namespace`. See https://setuptools.pypa.io/en/latest/references/keywords.html#keyword-namespace-packages
  declare_namespace(pkg)
/usr/local/lib/python3.10/dist-packages/pkg_resources/__init__.py:3121: DeprecationWarning: Deprecated call to `pkg_resources.declare_namespace('mpl_toolkits')`.
Implementing implicit namespace packages (as specified in PEP 420) is preferred to `pkg_resources.declare_namespace`. See https://setuptools.pypa.io/en/latest/references/keywords.html#keyword-namespace-packages
  declare_namespace(pkg)
/usr/local/lib/python3.10/dist-packages/pkg_resources/__init__.py:3121: DeprecationWarning: Deprecated call to `pkg_resources.declare_namespace('ruamel')`.
Implementing implicit namespace packages (as specified in PEP 420) is preferred to `pkg_resources.declare_namespace`. See https://setuptools.pypa.io/en/latest/references/keywords.html#keyword-namespace-packages
  declare_namespace(pkg)
/usr/local/lib/python3.10/dist-packages/pkg_resources/__init__.py:3121: DeprecationWarning: Deprecated call to `pkg_resources.declare_namespace('sphinxcontrib')`.
Implementing implicit namespace packages (as specified in PEP 420) is preferred to `pkg_resources.declare_namespace`. See https://setuptools.pypa.io/en/latest/references/keywords.html#keyword-namespace-packages
  declare_namespace(pkg)
/usr/local/lib/python3.10/dist-packages/sanic_cors/extension.py:39: DeprecationWarning: distutils Version classes are deprecated. Use packaging.version instead.
  SANIC_VERSION = LooseVersion(sanic_version)
/usr/local/lib/python3.10/dist-packages/tensorflow/lite/python/util.py:52: DeprecationWarning: jax.xla_computation is deprecated. Please use the AOT APIs.
  from jax import xla_computation as _xla_computation
2024-10-12 03:00:25 INFO     numexpr.utils  - NumExpr defaulting to 2 threads.
2024-10-12 03:00:27 INFO     root  - Starting Rasa server on http://0.0.0.0:5005
2024-10-12 03:00:27 INFO     rasa.core.processor  - Loading model models/20241012-024901-annoying-canteen.tar.gz...
2024-10-12 03:01:05 WARNING  rasa.shared.utils.common  - The UnexpecTED Intent Policy is currently experimental and might change or be removed in the future 🔬 Please share your feedback on it in the forum (https://forum.rasa.com) to help us make this feature ready for production.
2024-10-12 03:01:21 INFO     root  - Rasa server is up and running.
/usr/local/lib/python3.10/dist-packages/rasa/core/tracker_store.py:1044: MovedIn20Warning: Deprecated API features detected! These feature(s) are not compatible with SQLAlchemy 2.0. To prevent incompatible upgrades prior to updating applications, ensure requirements files are pinned to "sqlalchemy<2.0". Set environment variable SQLALCHEMY_WARN_20=1 to show all deprecation warnings.  Set environment variable SQLALCHEMY_SILENCE_UBER_WARNING=1 to silence this message. (Background on SQLAlchemy 2.0 at: https://sqlalche.me/e/b8d9)
  Base: DeclarativeMeta = declarative_base()
/usr/local/lib/python3.10/dist-packages/rasa/shared/utils/validation.py:134: DeprecationWarning: pkg_resources is deprecated as an API. See https://setuptools.pypa.io/en/latest/pkg_resources.html
  import pkg_resources
/usr/local/lib/python3.10/dist-packages/pkg_resources/__init__.py:3121: DeprecationWarning: Deprecated call to `pkg_resources.declare_namespace('google')`.
Implementing implicit namespace packages (as specified in PEP 420) is preferred to `pkg_resources.declare_namespace`. See https://setuptools.pypa.io/en/latest/references/keywords.html#keyword-namespace-packages
  declare_namespace(pkg)
/usr/local/lib/python3.10/dist-packages/pkg_resources/__init__.py:3121: DeprecationWarning: Deprecated call to `pkg_resources.declare_namespace('google.cloud')`.
Implementing implicit namespace packages (as specified in PEP 420) is preferred to `pkg_resources.declare_namespace`. See https://setuptools.pypa.io/en/latest/references/keywords.html#keyword-namespace-packages
  declare_namespace(pkg)
/usr/local/lib/python3.10/dist-packages/pkg_resources/__init__.py:3121: DeprecationWarning: Deprecated call to `pkg_resources.declare_namespace('mpl_toolkits')`.
Implementing implicit namespace packages (as specified in PEP 420) is preferred to `pkg_resources.declare_namespace`. See https://setuptools.pypa.io/en/latest/references/keywords.html#keyword-namespace-packages
  declare_namespace(pkg)
/usr/local/lib/python3.10/dist-packages/pkg_resources/__init__.py:3121: DeprecationWarning: Deprecated call to `pkg_resources.declare_namespace('ruamel')`.
Implementing implicit namespace packages (as specified in PEP 420) is preferred to `pkg_resources.declare_namespace`. See https://setuptools.pypa.io/en/latest/references/keywords.html#keyword-namespace-packages
  declare_namespace(pkg)
/usr/local/lib/python3.10/dist-packages/pkg_resources/__init__.py:3121: DeprecationWarning: Deprecated call to `pkg_resources.declare_namespace('sphinxcontrib')`.
Implementing implicit namespace packages (as specified in PEP 420) is preferred to `pkg_resources.declare_namespace`. See https://setuptools.pypa.io/en/latest/references/keywords.html#keyword-namespace-packages
  declare_namespace(pkg)
/usr/local/lib/python3.10/dist-packages/sanic_cors/extension.py:39: DeprecationWarning: distutils Version classes are deprecated. Use packaging.version instead.
  SANIC_VERSION = LooseVersion(sanic_version)
/usr/local/lib/python3.10/dist-packages/tensorflow/lite/python/util.py:52: DeprecationWarning: jax.xla_computation is deprecated. Please use the AOT APIs.
  from jax import xla_computation as _xla_computation
2024-10-12 03:03:02 INFO     numexpr.utils  - NumExpr defaulting to 2 threads.
2024-10-12 03:03:04 INFO     root  - Starting Rasa server on http://0.0.0.0:5005
2024-10-12 03:03:04 INFO     rasa.core.processor  - Loading model models/20241012-024901-annoying-canteen.tar.gz...
[2024-10-12 03:03:15 +0000] [6842] [ERROR] Experienced exception while trying to serve
Traceback (most recent call last):
  File "/usr/local/lib/python3.10/dist-packages/sanic/app.py", line 1204, in run
    serve_single(server_settings)
  File "/usr/local/lib/python3.10/dist-packages/sanic/server/runners.py", line 206, in serve_single
    serve(**server_settings)
  File "/usr/local/lib/python3.10/dist-packages/sanic/server/runners.py", line 130, in serve
    loop.run_until_complete(app._server_event("init", "before"))
  File "uvloop/loop.pyx", line 1511, in uvloop.loop.Loop.run_until_complete
  File "uvloop/loop.pyx", line 1504, in uvloop.loop.Loop.run_until_complete
  File "uvloop/loop.pyx", line 1377, in uvloop.loop.Loop.run_forever
  File "uvloop/loop.pyx", line 555, in uvloop.loop.Loop._run
  File "uvloop/loop.pyx", line 474, in uvloop.loop.Loop._on_idle
  File "uvloop/cbhandles.pyx", line 83, in uvloop.loop.Handle._run
  File "uvloop/cbhandles.pyx", line 61, in uvloop.loop.Handle._run
  File "/usr/local/lib/python3.10/dist-packages/sanic/app.py", line 2000, in _server_event
    await self.dispatch(
  File "/usr/local/lib/python3.10/dist-packages/sanic/signals.py", line 191, in dispatch
    return await dispatch
  File "/usr/local/lib/python3.10/dist-packages/sanic/signals.py", line 161, in _dispatch
    retval = await maybe_coroutine
  File "/usr/local/lib/python3.10/dist-packages/sanic/app.py", line 1524, in _listener
    await maybe_coro
  File "/usr/local/lib/python3.10/dist-packages/rasa/core/run.py", line 290, in load_agent_on_start
    app.ctx.agent = await agent.load_agent(
  File "/usr/local/lib/python3.10/dist-packages/rasa/core/agent.py", line 254, in load_agent
    agent.load_model(model_path)
  File "/usr/local/lib/python3.10/dist-packages/rasa/core/agent.py", line 352, in load_model
    self.processor = MessageProcessor(
  File "/usr/local/lib/python3.10/dist-packages/rasa/core/processor.py", line 105, in __init__
    self.model_filename, self.model_metadata, self.graph_runner = self._load_model(
  File "/usr/local/lib/python3.10/dist-packages/rasa/core/processor.py", line 142, in _load_model
    metadata, runner = loader.load_predict_graph_runner(
  File "/usr/local/lib/python3.10/dist-packages/rasa/engine/loader.py", line 29, in load_predict_graph_runner
    runner = graph_runner_class.create(
  File "/usr/local/lib/python3.10/dist-packages/rasa/engine/runner/dask.py", line 51, in create
    return cls(graph_schema, model_storage, execution_context, hooks)
  File "/usr/local/lib/python3.10/dist-packages/rasa/engine/runner/dask.py", line 37, in __init__
    self._instantiated_nodes: Dict[Text, GraphNode] = self._instantiate_nodes(
  File "/usr/local/lib/python3.10/dist-packages/rasa/engine/runner/dask.py", line 60, in _instantiate_nodes
    return {
  File "/usr/local/lib/python3.10/dist-packages/rasa/engine/runner/dask.py", line 61, in <dictcomp>
    node_name: GraphNode.from_schema_node(
  File "/usr/local/lib/python3.10/dist-packages/rasa/engine/graph.py", line 566, in from_schema_node
    return cls(
  File "/usr/local/lib/python3.10/dist-packages/rasa/engine/graph.py", line 392, in __init__
    self._load_component()
  File "/usr/local/lib/python3.10/dist-packages/rasa/engine/graph.py", line 403, in _load_component
    self._component: GraphComponent = constructor(  # type: ignore[no-redef]
  File "/usr/local/lib/python3.10/dist-packages/rasa/nlu/classifiers/diet_classifier.py", line 1125, in load
    return cls._load(
  File "/usr/local/lib/python3.10/dist-packages/rasa/nlu/classifiers/diet_classifier.py", line 1156, in _load
    model = cls._load_model(
  File "/usr/local/lib/python3.10/dist-packages/rasa/nlu/classifiers/diet_classifier.py", line 1249, in _load_model
    model = cls._load_model_class(
  File "/usr/local/lib/python3.10/dist-packages/rasa/nlu/classifiers/diet_classifier.py", line 1280, in _load_model_class
    return cls.model_class().load(
  File "/usr/local/lib/python3.10/dist-packages/rasa/utils/tensorflow/models.py", line 445, in load
    model.fit(data_generator, verbose=False)
  File "/usr/local/lib/python3.10/dist-packages/keras/utils/traceback_utils.py", line 65, in error_handler
    return fn(*args, **kwargs)
  File "/usr/local/lib/python3.10/dist-packages/keras/engine/training.py", line 1685, in fit
    tmp_logs = self.train_function(iterator)
  File "/usr/local/lib/python3.10/dist-packages/tensorflow/python/util/traceback_utils.py", line 150, in error_handler
    return fn(*args, **kwargs)
  File "/usr/local/lib/python3.10/dist-packages/tensorflow/python/eager/polymorphic_function/polymorphic_function.py", line 894, in __call__
    result = self._call(*args, **kwds)
  File "/usr/local/lib/python3.10/dist-packages/tensorflow/python/eager/polymorphic_function/polymorphic_function.py", line 959, in _call
    return self._no_variable_creation_fn(*args, **kwds)
  File "/usr/local/lib/python3.10/dist-packages/tensorflow/python/eager/polymorphic_function/tracing_compiler.py", line 142, in __call__
    filtered_flat_args) = self._maybe_define_function(args, kwargs)
  File "/usr/local/lib/python3.10/dist-packages/tensorflow/python/eager/polymorphic_function/tracing_compiler.py", line 396, in _maybe_define_function
    concrete_function = self._create_concrete_function(
  File "/usr/local/lib/python3.10/dist-packages/tensorflow/python/eager/polymorphic_function/tracing_compiler.py", line 300, in _create_concrete_function
    func_graph_module.func_graph_from_py_func(
  File "/usr/local/lib/python3.10/dist-packages/tensorflow/python/framework/func_graph.py", line 1214, in func_graph_from_py_func
    func_outputs = python_func(*func_args, **func_kwargs)
  File "/usr/local/lib/python3.10/dist-packages/tensorflow/python/eager/polymorphic_function/polymorphic_function.py", line 667, in wrapped_fn
    out = weak_wrapped_fn().__wrapped__(*args, **kwds)
  File "/usr/local/lib/python3.10/dist-packages/tensorflow/python/framework/func_graph.py", line 1189, in autograph_handler
    return autograph.converted_call(
  File "/usr/local/lib/python3.10/dist-packages/tensorflow/python/autograph/impl/api.py", line 439, in converted_call
    result = converted_f(*effective_args, **kwargs)
  File "/tmp/__autograph_generated_fileqm3iezkf.py", line 15, in tf__train_function
    retval_ = ag__.converted_call(ag__.ld(step_function), (ag__.ld(self), ag__.ld(iterator)), None, fscope)
  File "/usr/local/lib/python3.10/dist-packages/tensorflow/python/autograph/impl/api.py", line 331, in converted_call
    return _call_unconverted(f, args, kwargs, options, False)
  File "/usr/local/lib/python3.10/dist-packages/tensorflow/python/autograph/impl/api.py", line 459, in _call_unconverted
    return f(*args)
  File "/usr/local/lib/python3.10/dist-packages/keras/engine/training.py", line 1268, in step_function
    outputs = model.distribute_strategy.run(run_step, args=(data,))
  File "/usr/local/lib/python3.10/dist-packages/tensorflow/python/distribute/distribute_lib.py", line 1316, in run
    return self._extended.call_for_each_replica(fn, args=args, kwargs=kwargs)
  File "/usr/local/lib/python3.10/dist-packages/tensorflow/python/distribute/distribute_lib.py", line 2895, in call_for_each_replica
    return self._call_for_each_replica(fn, args, kwargs)
  File "/usr/local/lib/python3.10/dist-packages/tensorflow/python/distribute/distribute_lib.py", line 3696, in _call_for_each_replica
    return fn(*args, **kwargs)
  File "/usr/local/lib/python3.10/dist-packages/tensorflow/python/autograph/impl/api.py", line 689, in wrapper
    return converted_call(f, args, kwargs, options=options)
  File "/usr/local/lib/python3.10/dist-packages/tensorflow/python/autograph/impl/api.py", line 377, in converted_call
    return _call_unconverted(f, args, kwargs, options)
  File "/usr/local/lib/python3.10/dist-packages/tensorflow/python/autograph/impl/api.py", line 458, in _call_unconverted
    return f(*args, **kwargs)
  File "/usr/local/lib/python3.10/dist-packages/keras/engine/training.py", line 1249, in run_step
    outputs = model.train_step(data)
  File "/usr/local/lib/python3.10/dist-packages/rasa/utils/tensorflow/models.py", line 161, in train_step
    prediction_loss = self.batch_loss(batch_in)
  File "/usr/local/lib/python3.10/dist-packages/rasa/nlu/classifiers/diet_classifier.py", line 1649, in batch_loss
    loss = self._batch_loss_intent(
  File "/usr/local/lib/python3.10/dist-packages/rasa/nlu/classifiers/diet_classifier.py", line 1682, in _batch_loss_intent
    label = self._create_bow(
  File "/usr/local/lib/python3.10/dist-packages/rasa/nlu/classifiers/diet_classifier.py", line 1514, in _create_bow
    x, _ = self._tf_layers[f"feature_combining_layer.{name}"](
  File "/usr/local/lib/python3.10/dist-packages/keras/utils/traceback_utils.py", line 65, in error_handler
    return fn(*args, **kwargs)
  File "/usr/local/lib/python3.10/dist-packages/keras/engine/base_layer.py", line 1145, in __call__
    outputs = call_fn(inputs, *args, **kwargs)
  File "/usr/local/lib/python3.10/dist-packages/keras/utils/traceback_utils.py", line 96, in error_handler
    return fn(*args, **kwargs)
  File "/usr/local/lib/python3.10/dist-packages/tensorflow/python/autograph/impl/api.py", line 689, in wrapper
    return converted_call(f, args, kwargs, options=options)
  File "/usr/local/lib/python3.10/dist-packages/tensorflow/python/autograph/impl/api.py", line 439, in converted_call
    result = converted_f(*effective_args, **kwargs)
  File "/tmp/__autograph_generated_file0n2fiin0.py", line 35, in tf__call
    sequence_features_combined = ag__.converted_call(ag__.ld(self)._combine_sequence_level_features, (ag__.ld(sequence_features), ag__.ld(mask_sequence), ag__.ld(training)), None, fscope)
  File "/usr/local/lib/python3.10/dist-packages/tensorflow/python/autograph/impl/api.py", line 441, in converted_call
    result = converted_f(*effective_args)
  File "/tmp/__autograph_generated_file9p633whi.py", line 38, in tf___combine_sequence_level_features
    ag__.if_stmt(ag__.ld(self)._feature_types_present[ag__.ld(SEQUENCE)], if_body, else_body, get_state, set_state, ('do_return', 'retval_'), 2)
  File "/usr/local/lib/python3.10/dist-packages/tensorflow/python/autograph/operators/control_flow.py", line 1266, in if_stmt
    _py_if_stmt(cond, body, orelse)
  File "/usr/local/lib/python3.10/dist-packages/tensorflow/python/autograph/operators/control_flow.py", line 1319, in _py_if_stmt
    return body() if cond else orelse()
  File "/tmp/__autograph_generated_file9p633whi.py", line 21, in if_body
    sequence_features_combined = ag__.converted_call(ag__.ld(self)._tf_layers[f'sparse_dense.{ag__.ld(SEQUENCE)}'], ((ag__.ld(sequence_features),),), dict(training=ag__.ld(training)), fscope)
  File "/usr/local/lib/python3.10/dist-packages/tensorflow/python/autograph/impl/api.py", line 331, in converted_call
    return _call_unconverted(f, args, kwargs, options, False)
  File "/usr/local/lib/python3.10/dist-packages/tensorflow/python/autograph/impl/api.py", line 458, in _call_unconverted
    return f(*args, **kwargs)
  File "/usr/local/lib/python3.10/dist-packages/keras/utils/traceback_utils.py", line 65, in error_handler
    return fn(*args, **kwargs)
  File "/usr/local/lib/python3.10/dist-packages/keras/engine/base_layer.py", line 1145, in __call__
    outputs = call_fn(inputs, *args, **kwargs)
  File "/usr/local/lib/python3.10/dist-packages/keras/utils/traceback_utils.py", line 96, in error_handler
    return fn(*args, **kwargs)
  File "/usr/local/lib/python3.10/dist-packages/tensorflow/python/autograph/impl/api.py", line 689, in wrapper
    return converted_call(f, args, kwargs, options=options)
  File "/usr/local/lib/python3.10/dist-packages/tensorflow/python/autograph/impl/api.py", line 439, in converted_call
    result = converted_f(*effective_args, **kwargs)
  File "/tmp/__autograph_generated_filezhvfur8k.py", line 50, in tf__call
    ag__.for_stmt(ag__.ld(features), None, loop_body, get_state_1, set_state_1, (), {'iterate_names': 'f'})
  File "/usr/local/lib/python3.10/dist-packages/tensorflow/python/autograph/operators/control_flow.py", line 451, in for_stmt
    for_fn(iter_, extra_test, body, get_state, set_state, symbol_names, opts)
  File "/usr/local/lib/python3.10/dist-packages/tensorflow/python/autograph/operators/control_flow.py", line 502, in _py_for_stmt
    body(target)
  File "/usr/local/lib/python3.10/dist-packages/tensorflow/python/autograph/operators/control_flow.py", line 468, in protected_body
    original_body(protected_iter)
  File "/tmp/__autograph_generated_filezhvfur8k.py", line 47, in loop_body
    ag__.if_stmt(ag__.converted_call(ag__.ld(isinstance), (ag__.ld(f), ag__.ld(tf).SparseTensor), None, fscope), if_body, else_body, get_state, set_state, ('f',), 1)
  File "/usr/local/lib/python3.10/dist-packages/tensorflow/python/autograph/operators/control_flow.py", line 1266, in if_stmt
    _py_if_stmt(cond, body, orelse)
  File "/usr/local/lib/python3.10/dist-packages/tensorflow/python/autograph/operators/control_flow.py", line 1319, in _py_if_stmt
    return body() if cond else orelse()
  File "/tmp/__autograph_generated_filezhvfur8k.py", line 42, in if_body
    f = ag__.converted_call(ag__.ld(self)._process_sparse_feature, (ag__.ld(f), ag__.ld(training)), None, fscope)
  File "/usr/local/lib/python3.10/dist-packages/tensorflow/python/autograph/impl/api.py", line 441, in converted_call
    result = converted_f(*effective_args)
  File "/tmp/__autograph_generated_filefojy58sc.py", line 27, in tf___process_sparse_feature
    feature = ag__.converted_call(ag__.ld(self)._tf_layers[ag__.ld(self).SPARSE_TO_DENSE], (ag__.ld(feature),), None, fscope)
  File "/usr/local/lib/python3.10/dist-packages/tensorflow/python/autograph/impl/api.py", line 331, in converted_call
    return _call_unconverted(f, args, kwargs, options, False)
  File "/usr/local/lib/python3.10/dist-packages/tensorflow/python/autograph/impl/api.py", line 459, in _call_unconverted
    return f(*args)
  File "/usr/local/lib/python3.10/dist-packages/keras/utils/traceback_utils.py", line 65, in error_handler
    return fn(*args, **kwargs)
  File "/usr/local/lib/python3.10/dist-packages/keras/engine/base_layer.py", line 1145, in __call__
    outputs = call_fn(inputs, *args, **kwargs)
  File "/usr/local/lib/python3.10/dist-packages/keras/utils/traceback_utils.py", line 96, in error_handler
    return fn(*args, **kwargs)
  File "/usr/local/lib/python3.10/dist-packages/tensorflow/python/autograph/impl/api.py", line 689, in wrapper
    return converted_call(f, args, kwargs, options=options)
  File "/usr/local/lib/python3.10/dist-packages/tensorflow/python/autograph/impl/api.py", line 439, in converted_call
    result = converted_f(*effective_args, **kwargs)
  File "/tmp/__autograph_generated_fileh0e57zzj.py", line 50, in tf__call
    ag__.if_stmt(ag__.converted_call(ag__.ld(len), (ag__.ld(inputs).shape,), None, fscope) == 3, if_body_1, else_body_1, get_state_1, set_state_1, ('outputs',), 1)
  File "/usr/local/lib/python3.10/dist-packages/tensorflow/python/autograph/operators/control_flow.py", line 1266, in if_stmt
    _py_if_stmt(cond, body, orelse)
  File "/usr/local/lib/python3.10/dist-packages/tensorflow/python/autograph/operators/control_flow.py", line 1319, in _py_if_stmt
    return body() if cond else orelse()
  File "/tmp/__autograph_generated_fileh0e57zzj.py", line 45, in if_body_1
    outputs = ag__.converted_call(ag__.ld(tf).reshape, (ag__.ld(outputs), (ag__.converted_call(ag__.ld(tf).shape, (ag__.ld(inputs),), None, fscope)[0], ag__.converted_call(ag__.ld(tf).shape, (ag__.ld(inputs),), None, fscope)[1], ag__.ld(self).units)), None, fscope)
  File "/usr/local/lib/python3.10/dist-packages/tensorflow/python/util/traceback_utils.py", line 150, in error_handler
    return fn(*args, **kwargs)
  File "/usr/local/lib/python3.10/dist-packages/tensorflow/python/util/dispatch.py", line 1176, in op_dispatch_handler
    return dispatch_target(*args, **kwargs)
  File "/usr/local/lib/python3.10/dist-packages/tensorflow/python/ops/array_ops.py", line 1114, in _slice_helper
    return strided_slice(
  File "/usr/local/lib/python3.10/dist-packages/tensorflow/python/util/traceback_utils.py", line 150, in error_handler
    return fn(*args, **kwargs)
  File "/usr/local/lib/python3.10/dist-packages/tensorflow/python/util/dispatch.py", line 1176, in op_dispatch_handler
    return dispatch_target(*args, **kwargs)
  File "/usr/local/lib/python3.10/dist-packages/tensorflow/python/ops/array_ops.py", line 1287, in strided_slice
    op = gen_array_ops.strided_slice(
  File "/usr/local/lib/python3.10/dist-packages/tensorflow/python/ops/gen_array_ops.py", line 10729, in strided_slice
    _, _, _op, _outputs = _op_def_library._apply_op_helper(
  File "/usr/local/lib/python3.10/dist-packages/tensorflow/python/framework/op_def_library.py", line 795, in _apply_op_helper
    op = g._create_op_internal(op_type_name, inputs, dtypes=None,
  File "/usr/local/lib/python3.10/dist-packages/tensorflow/python/framework/func_graph.py", line 707, in _create_op_internal
    return super()._create_op_internal(  # pylint: disable=protected-access
  File "/usr/local/lib/python3.10/dist-packages/tensorflow/python/framework/ops.py", line 3814, in _create_op_internal
    ret = Operation(
  File "/usr/local/lib/python3.10/dist-packages/tensorflow/python/framework/ops.py", line 2112, in __init__
    c_op = _create_c_op(g, node_def, inputs, control_input_ops, op_def=op_def)
  File "/usr/local/lib/python3.10/dist-packages/tensorflow/python/util/traceback_utils.py", line 150, in error_handler
    return fn(*args, **kwargs)
  File "/usr/local/lib/python3.10/dist-packages/tensorflow/python/framework/ops.py", line 1970, in _create_c_op
    c_op = pywrap_tf_session.TF_FinishOperation(op_desc)
KeyboardInterrupt
Traceback (most recent call last):
  File "/usr/local/bin/rasa", line 8, in <module>
    sys.exit(main())
  File "/usr/local/lib/python3.10/dist-packages/rasa/__main__.py", line 133, in main
    cmdline_arguments.func(cmdline_arguments)
  File "/usr/local/lib/python3.10/dist-packages/rasa/cli/run.py", line 93, in run
    rasa.run(**vars(args))
  File "/usr/local/lib/python3.10/dist-packages/rasa/api.py", line 56, in run
    rasa.core.run.serve_application(
  File "/usr/local/lib/python3.10/dist-packages/rasa/core/run.py", line 268, in serve_application
    app.run(
  File "/usr/local/lib/python3.10/dist-packages/sanic/app.py", line 1204, in run
    serve_single(server_settings)
  File "/usr/local/lib/python3.10/dist-packages/sanic/server/runners.py", line 206, in serve_single
    serve(**server_settings)
  File "/usr/local/lib/python3.10/dist-packages/sanic/server/runners.py", line 130, in serve
    loop.run_until_complete(app._server_event("init", "before"))
  File "uvloop/loop.pyx", line 1511, in uvloop.loop.Loop.run_until_complete
  File "uvloop/loop.pyx", line 1504, in uvloop.loop.Loop.run_until_complete
  File "uvloop/loop.pyx", line 1377, in uvloop.loop.Loop.run_forever
  File "uvloop/loop.pyx", line 555, in uvloop.loop.Loop._run
  File "uvloop/loop.pyx", line 474, in uvloop.loop.Loop._on_idle
  File "uvloop/cbhandles.pyx", line 83, in uvloop.loop.Handle._run
  File "uvloop/cbhandles.pyx", line 61, in uvloop.loop.Handle._run
  File "/usr/local/lib/python3.10/dist-packages/sanic/app.py", line 2000, in _server_event
    await self.dispatch(
  File "/usr/local/lib/python3.10/dist-packages/sanic/signals.py", line 191, in dispatch
    return await dispatch
  File "/usr/local/lib/python3.10/dist-packages/sanic/signals.py", line 161, in _dispatch
    retval = await maybe_coroutine
  File "/usr/local/lib/python3.10/dist-packages/sanic/app.py", line 1524, in _listener
    await maybe_coro
  File "/usr/local/lib/python3.10/dist-packages/rasa/core/run.py", line 290, in load_agent_on_start
    app.ctx.agent = await agent.load_agent(
  File "/usr/local/lib/python3.10/dist-packages/rasa/core/agent.py", line 254, in load_agent
    agent.load_model(model_path)
  File "/usr/local/lib/python3.10/dist-packages/rasa/core/agent.py", line 352, in load_model
    self.processor = MessageProcessor(
  File "/usr/local/lib/python3.10/dist-packages/rasa/core/processor.py", line 105, in __init__
    self.model_filename, self.model_metadata, self.graph_runner = self._load_model(
  File "/usr/local/lib/python3.10/dist-packages/rasa/core/processor.py", line 142, in _load_model
    metadata, runner = loader.load_predict_graph_runner(
  File "/usr/local/lib/python3.10/dist-packages/rasa/engine/loader.py", line 29, in load_predict_graph_runner
    runner = graph_runner_class.create(
  File "/usr/local/lib/python3.10/dist-packages/rasa/engine/runner/dask.py", line 51, in create
    return cls(graph_schema, model_storage, execution_context, hooks)
  File "/usr/local/lib/python3.10/dist-packages/rasa/engine/runner/dask.py", line 37, in __init__
    self._instantiated_nodes: Dict[Text, GraphNode] = self._instantiate_nodes(
  File "/usr/local/lib/python3.10/dist-packages/rasa/engine/runner/dask.py", line 60, in _instantiate_nodes
    return {
  File "/usr/local/lib/python3.10/dist-packages/rasa/engine/runner/dask.py", line 61, in <dictcomp>
    node_name: GraphNode.from_schema_node(
  File "/usr/local/lib/python3.10/dist-packages/rasa/engine/graph.py", line 566, in from_schema_node
    return cls(
  File "/usr/local/lib/python3.10/dist-packages/rasa/engine/graph.py", line 392, in __init__
    self._load_component()
  File "/usr/local/lib/python3.10/dist-packages/rasa/engine/graph.py", line 403, in _load_component
    self._component: GraphComponent = constructor(  # type: ignore[no-redef]
  File "/usr/local/lib/python3.10/dist-packages/rasa/nlu/classifiers/diet_classifier.py", line 1125, in load
    return cls._load(
  File "/usr/local/lib/python3.10/dist-packages/rasa/nlu/classifiers/diet_classifier.py", line 1156, in _load
    model = cls._load_model(
  File "/usr/local/lib/python3.10/dist-packages/rasa/nlu/classifiers/diet_classifier.py", line 1249, in _load_model
    model = cls._load_model_class(
  File "/usr/local/lib/python3.10/dist-packages/rasa/nlu/classifiers/diet_classifier.py", line 1280, in _load_model_class
    return cls.model_class().load(
  File "/usr/local/lib/python3.10/dist-packages/rasa/utils/tensorflow/models.py", line 445, in load
    model.fit(data_generator, verbose=False)
  File "/usr/local/lib/python3.10/dist-packages/keras/utils/traceback_utils.py", line 65, in error_handler
    return fn(*args, **kwargs)
  File "/usr/local/lib/python3.10/dist-packages/keras/engine/training.py", line 1685, in fit
    tmp_logs = self.train_function(iterator)
  File "/usr/local/lib/python3.10/dist-packages/tensorflow/python/util/traceback_utils.py", line 150, in error_handler
    return fn(*args, **kwargs)
  File "/usr/local/lib/python3.10/dist-packages/tensorflow/python/eager/polymorphic_function/polymorphic_function.py", line 894, in __call__
    result = self._call(*args, **kwds)
  File "/usr/local/lib/python3.10/dist-packages/tensorflow/python/eager/polymorphic_function/polymorphic_function.py", line 959, in _call
    return self._no_variable_creation_fn(*args, **kwds)
  File "/usr/local/lib/python3.10/dist-packages/tensorflow/python/eager/polymorphic_function/tracing_compiler.py", line 142, in __call__
    filtered_flat_args) = self._maybe_define_function(args, kwargs)
  File "/usr/local/lib/python3.10/dist-packages/tensorflow/python/eager/polymorphic_function/tracing_compiler.py", line 396, in _maybe_define_function
    concrete_function = self._create_concrete_function(
  File "/usr/local/lib/python3.10/dist-packages/tensorflow/python/eager/polymorphic_function/tracing_compiler.py", line 300, in _create_concrete_function
    func_graph_module.func_graph_from_py_func(
  File "/usr/local/lib/python3.10/dist-packages/tensorflow/python/framework/func_graph.py", line 1214, in func_graph_from_py_func
    func_outputs = python_func(*func_args, **func_kwargs)
  File "/usr/local/lib/python3.10/dist-packages/tensorflow/python/eager/polymorphic_function/polymorphic_function.py", line 667, in wrapped_fn
    out = weak_wrapped_fn().__wrapped__(*args, **kwds)
  File "/usr/local/lib/python3.10/dist-packages/tensorflow/python/framework/func_graph.py", line 1189, in autograph_handler
    return autograph.converted_call(
  File "/usr/local/lib/python3.10/dist-packages/tensorflow/python/autograph/impl/api.py", line 439, in converted_call
    result = converted_f(*effective_args, **kwargs)
  File "/tmp/__autograph_generated_fileqm3iezkf.py", line 15, in tf__train_function
    retval_ = ag__.converted_call(ag__.ld(step_function), (ag__.ld(self), ag__.ld(iterator)), None, fscope)
  File "/usr/local/lib/python3.10/dist-packages/tensorflow/python/autograph/impl/api.py", line 331, in converted_call
    return _call_unconverted(f, args, kwargs, options, False)
  File "/usr/local/lib/python3.10/dist-packages/tensorflow/python/autograph/impl/api.py", line 459, in _call_unconverted
    return f(*args)
  File "/usr/local/lib/python3.10/dist-packages/keras/engine/training.py", line 1268, in step_function
    outputs = model.distribute_strategy.run(run_step, args=(data,))
  File "/usr/local/lib/python3.10/dist-packages/tensorflow/python/distribute/distribute_lib.py", line 1316, in run
    return self._extended.call_for_each_replica(fn, args=args, kwargs=kwargs)
  File "/usr/local/lib/python3.10/dist-packages/tensorflow/python/distribute/distribute_lib.py", line 2895, in call_for_each_replica
    return self._call_for_each_replica(fn, args, kwargs)
  File "/usr/local/lib/python3.10/dist-packages/tensorflow/python/distribute/distribute_lib.py", line 3696, in _call_for_each_replica
    return fn(*args, **kwargs)
  File "/usr/local/lib/python3.10/dist-packages/tensorflow/python/autograph/impl/api.py", line 689, in wrapper
    return converted_call(f, args, kwargs, options=options)
  File "/usr/local/lib/python3.10/dist-packages/tensorflow/python/autograph/impl/api.py", line 377, in converted_call
    return _call_unconverted(f, args, kwargs, options)
  File "/usr/local/lib/python3.10/dist-packages/tensorflow/python/autograph/impl/api.py", line 458, in _call_unconverted
    return f(*args, **kwargs)
  File "/usr/local/lib/python3.10/dist-packages/keras/engine/training.py", line 1249, in run_step
    outputs = model.train_step(data)
  File "/usr/local/lib/python3.10/dist-packages/rasa/utils/tensorflow/models.py", line 161, in train_step
    prediction_loss = self.batch_loss(batch_in)
  File "/usr/local/lib/python3.10/dist-packages/rasa/nlu/classifiers/diet_classifier.py", line 1649, in batch_loss
    loss = self._batch_loss_intent(
  File "/usr/local/lib/python3.10/dist-packages/rasa/nlu/classifiers/diet_classifier.py", line 1682, in _batch_loss_intent
    label = self._create_bow(
  File "/usr/local/lib/python3.10/dist-packages/rasa/nlu/classifiers/diet_classifier.py", line 1514, in _create_bow
    x, _ = self._tf_layers[f"feature_combining_layer.{name}"](
  File "/usr/local/lib/python3.10/dist-packages/keras/utils/traceback_utils.py", line 65, in error_handler
    return fn(*args, **kwargs)
  File "/usr/local/lib/python3.10/dist-packages/keras/engine/base_layer.py", line 1145, in __call__
    outputs = call_fn(inputs, *args, **kwargs)
  File "/usr/local/lib/python3.10/dist-packages/keras/utils/traceback_utils.py", line 96, in error_handler
    return fn(*args, **kwargs)
  File "/usr/local/lib/python3.10/dist-packages/tensorflow/python/autograph/impl/api.py", line 689, in wrapper
    return converted_call(f, args, kwargs, options=options)
  File "/usr/local/lib/python3.10/dist-packages/tensorflow/python/autograph/impl/api.py", line 439, in converted_call
    result = converted_f(*effective_args, **kwargs)
  File "/tmp/__autograph_generated_file0n2fiin0.py", line 35, in tf__call
    sequence_features_combined = ag__.converted_call(ag__.ld(self)._combine_sequence_level_features, (ag__.ld(sequence_features), ag__.ld(mask_sequence), ag__.ld(training)), None, fscope)
  File "/usr/local/lib/python3.10/dist-packages/tensorflow/python/autograph/impl/api.py", line 441, in converted_call
    result = converted_f(*effective_args)
  File "/tmp/__autograph_generated_file9p633whi.py", line 38, in tf___combine_sequence_level_features
    ag__.if_stmt(ag__.ld(self)._feature_types_present[ag__.ld(SEQUENCE)], if_body, else_body, get_state, set_state, ('do_return', 'retval_'), 2)
  File "/usr/local/lib/python3.10/dist-packages/tensorflow/python/autograph/operators/control_flow.py", line 1266, in if_stmt
    _py_if_stmt(cond, body, orelse)
  File "/usr/local/lib/python3.10/dist-packages/tensorflow/python/autograph/operators/control_flow.py", line 1319, in _py_if_stmt
    return body() if cond else orelse()
  File "/tmp/__autograph_generated_file9p633whi.py", line 21, in if_body
    sequence_features_combined = ag__.converted_call(ag__.ld(self)._tf_layers[f'sparse_dense.{ag__.ld(SEQUENCE)}'], ((ag__.ld(sequence_features),),), dict(training=ag__.ld(training)), fscope)
  File "/usr/local/lib/python3.10/dist-packages/tensorflow/python/autograph/impl/api.py", line 331, in converted_call
    return _call_unconverted(f, args, kwargs, options, False)
  File "/usr/local/lib/python3.10/dist-packages/tensorflow/python/autograph/impl/api.py", line 458, in _call_unconverted
    return f(*args, **kwargs)
  File "/usr/local/lib/python3.10/dist-packages/keras/utils/traceback_utils.py", line 65, in error_handler
    return fn(*args, **kwargs)
  File "/usr/local/lib/python3.10/dist-packages/keras/engine/base_layer.py", line 1145, in __call__
    outputs = call_fn(inputs, *args, **kwargs)
  File "/usr/local/lib/python3.10/dist-packages/keras/utils/traceback_utils.py", line 96, in error_handler
    return fn(*args, **kwargs)
  File "/usr/local/lib/python3.10/dist-packages/tensorflow/python/autograph/impl/api.py", line 689, in wrapper
    return converted_call(f, args, kwargs, options=options)
  File "/usr/local/lib/python3.10/dist-packages/tensorflow/python/autograph/impl/api.py", line 439, in converted_call
    result = converted_f(*effective_args, **kwargs)
  File "/tmp/__autograph_generated_filezhvfur8k.py", line 50, in tf__call
    ag__.for_stmt(ag__.ld(features), None, loop_body, get_state_1, set_state_1, (), {'iterate_names': 'f'})
  File "/usr/local/lib/python3.10/dist-packages/tensorflow/python/autograph/operators/control_flow.py", line 451, in for_stmt
    for_fn(iter_, extra_test, body, get_state, set_state, symbol_names, opts)
  File "/usr/local/lib/python3.10/dist-packages/tensorflow/python/autograph/operators/control_flow.py", line 502, in _py_for_stmt
    body(target)
  File "/usr/local/lib/python3.10/dist-packages/tensorflow/python/autograph/operators/control_flow.py", line 468, in protected_body
    original_body(protected_iter)
  File "/tmp/__autograph_generated_filezhvfur8k.py", line 47, in loop_body
    ag__.if_stmt(ag__.converted_call(ag__.ld(isinstance), (ag__.ld(f), ag__.ld(tf).SparseTensor), None, fscope), if_body, else_body, get_state, set_state, ('f',), 1)
  File "/usr/local/lib/python3.10/dist-packages/tensorflow/python/autograph/operators/control_flow.py", line 1266, in if_stmt
    _py_if_stmt(cond, body, orelse)
  File "/usr/local/lib/python3.10/dist-packages/tensorflow/python/autograph/operators/control_flow.py", line 1319, in _py_if_stmt
    return body() if cond else orelse()
  File "/tmp/__autograph_generated_filezhvfur8k.py", line 42, in if_body
    f = ag__.converted_call(ag__.ld(self)._process_sparse_feature, (ag__.ld(f), ag__.ld(training)), None, fscope)
  File "/usr/local/lib/python3.10/dist-packages/tensorflow/python/autograph/impl/api.py", line 441, in converted_call
    result = converted_f(*effective_args)
  File "/tmp/__autograph_generated_filefojy58sc.py", line 27, in tf___process_sparse_feature
    feature = ag__.converted_call(ag__.ld(self)._tf_layers[ag__.ld(self).SPARSE_TO_DENSE], (ag__.ld(feature),), None, fscope)
  File "/usr/local/lib/python3.10/dist-packages/tensorflow/python/autograph/impl/api.py", line 331, in converted_call
    return _call_unconverted(f, args, kwargs, options, False)
  File "/usr/local/lib/python3.10/dist-packages/tensorflow/python/autograph/impl/api.py", line 459, in _call_unconverted
    return f(*args)
  File "/usr/local/lib/python3.10/dist-packages/keras/utils/traceback_utils.py", line 65, in error_handler
    return fn(*args, **kwargs)
  File "/usr/local/lib/python3.10/dist-packages/keras/engine/base_layer.py", line 1145, in __call__
    outputs = call_fn(inputs, *args, **kwargs)
  File "/usr/local/lib/python3.10/dist-packages/keras/utils/traceback_utils.py", line 96, in error_handler
    return fn(*args, **kwargs)
  File "/usr/local/lib/python3.10/dist-packages/tensorflow/python/autograph/impl/api.py", line 689, in wrapper
    return converted_call(f, args, kwargs, options=options)
  File "/usr/local/lib/python3.10/dist-packages/tensorflow/python/autograph/impl/api.py", line 439, in converted_call
    result = converted_f(*effective_args, **kwargs)
  File "/tmp/__autograph_generated_fileh0e57zzj.py", line 50, in tf__call
    ag__.if_stmt(ag__.converted_call(ag__.ld(len), (ag__.ld(inputs).shape,), None, fscope) == 3, if_body_1, else_body_1, get_state_1, set_state_1, ('outputs',), 1)
  File "/usr/local/lib/python3.10/dist-packages/tensorflow/python/autograph/operators/control_flow.py", line 1266, in if_stmt
    _py_if_stmt(cond, body, orelse)
  File "/usr/local/lib/python3.10/dist-packages/tensorflow/python/autograph/operators/control_flow.py", line 1319, in _py_if_stmt
    return body() if cond else orelse()
  File "/tmp/__autograph_generated_fileh0e57zzj.py", line 45, in if_body_1
    outputs = ag__.converted_call(ag__.ld(tf).reshape, (ag__.ld(outputs), (ag__.converted_call(ag__.ld(tf).shape, (ag__.ld(inputs),), None, fscope)[0], ag__.converted_call(ag__.ld(tf).shape, (ag__.ld(inputs),), None, fscope)[1], ag__.ld(self).units)), None, fscope)
  File "/usr/local/lib/python3.10/dist-packages/tensorflow/python/util/traceback_utils.py", line 150, in error_handler
    return fn(*args, **kwargs)
  File "/usr/local/lib/python3.10/dist-packages/tensorflow/python/util/dispatch.py", line 1176, in op_dispatch_handler
    return dispatch_target(*args, **kwargs)
  File "/usr/local/lib/python3.10/dist-packages/tensorflow/python/ops/array_ops.py", line 1114, in _slice_helper
    return strided_slice(
  File "/usr/local/lib/python3.10/dist-packages/tensorflow/python/util/traceback_utils.py", line 150, in error_handler
    return fn(*args, **kwargs)
  File "/usr/local/lib/python3.10/dist-packages/tensorflow/python/util/dispatch.py", line 1176, in op_dispatch_handler
    return dispatch_target(*args, **kwargs)
  File "/usr/local/lib/python3.10/dist-packages/tensorflow/python/ops/array_ops.py", line 1287, in strided_slice
    op = gen_array_ops.strided_slice(
  File "/usr/local/lib/python3.10/dist-packages/tensorflow/python/ops/gen_array_ops.py", line 10729, in strided_slice
    _, _, _op, _outputs = _op_def_library._apply_op_helper(
  File "/usr/local/lib/python3.10/dist-packages/tensorflow/python/framework/op_def_library.py", line 795, in _apply_op_helper
    op = g._create_op_internal(op_type_name, inputs, dtypes=None,
  File "/usr/local/lib/python3.10/dist-packages/tensorflow/python/framework/func_graph.py", line 707, in _create_op_internal
    return super()._create_op_internal(  # pylint: disable=protected-access
  File "/usr/local/lib/python3.10/dist-packages/tensorflow/python/framework/ops.py", line 3814, in _create_op_internal
    ret = Operation(
  File "/usr/local/lib/python3.10/dist-packages/tensorflow/python/framework/ops.py", line 2112, in __init__
    c_op = _create_c_op(g, node_def, inputs, control_input_ops, op_def=op_def)
  File "/usr/local/lib/python3.10/dist-packages/tensorflow/python/util/traceback_utils.py", line 150, in error_handler
    return fn(*args, **kwargs)
  File "/usr/local/lib/python3.10/dist-packages/tensorflow/python/framework/ops.py", line 1970, in _create_c_op
    c_op = pywrap_tf_session.TF_FinishOperation(op_desc)
KeyboardInterrupt
/usr/local/lib/python3.10/dist-packages/rasa/core/tracker_store.py:1044: MovedIn20Warning: Deprecated API features detected! These feature(s) are not compatible with SQLAlchemy 2.0. To prevent incompatible upgrades prior to updating applications, ensure requirements files are pinned to "sqlalchemy<2.0". Set environment variable SQLALCHEMY_WARN_20=1 to show all deprecation warnings.  Set environment variable SQLALCHEMY_SILENCE_UBER_WARNING=1 to silence this message. (Background on SQLAlchemy 2.0 at: https://sqlalche.me/e/b8d9)
  Base: DeclarativeMeta = declarative_base()
/usr/local/lib/python3.10/dist-packages/rasa/shared/utils/validation.py:134: DeprecationWarning: pkg_resources is deprecated as an API. See https://setuptools.pypa.io/en/latest/pkg_resources.html
  import pkg_resources
/usr/local/lib/python3.10/dist-packages/pkg_resources/__init__.py:3121: DeprecationWarning: Deprecated call to `pkg_resources.declare_namespace('google')`.
Implementing implicit namespace packages (as specified in PEP 420) is preferred to `pkg_resources.declare_namespace`. See https://setuptools.pypa.io/en/latest/references/keywords.html#keyword-namespace-packages
  declare_namespace(pkg)
/usr/local/lib/python3.10/dist-packages/pkg_resources/__init__.py:3121: DeprecationWarning: Deprecated call to `pkg_resources.declare_namespace('google.cloud')`.
Implementing implicit namespace packages (as specified in PEP 420) is preferred to `pkg_resources.declare_namespace`. See https://setuptools.pypa.io/en/latest/references/keywords.html#keyword-namespace-packages
  declare_namespace(pkg)
/usr/local/lib/python3.10/dist-packages/pkg_resources/__init__.py:3121: DeprecationWarning: Deprecated call to `pkg_resources.declare_namespace('mpl_toolkits')`.
Implementing implicit namespace packages (as specified in PEP 420) is preferred to `pkg_resources.declare_namespace`. See https://setuptools.pypa.io/en/latest/references/keywords.html#keyword-namespace-packages
  declare_namespace(pkg)
/usr/local/lib/python3.10/dist-packages/pkg_resources/__init__.py:3121: DeprecationWarning: Deprecated call to `pkg_resources.declare_namespace('ruamel')`.
Implementing implicit namespace packages (as specified in PEP 420) is preferred to `pkg_resources.declare_namespace`. See https://setuptools.pypa.io/en/latest/references/keywords.html#keyword-namespace-packages
  declare_namespace(pkg)
/usr/local/lib/python3.10/dist-packages/pkg_resources/__init__.py:3121: DeprecationWarning: Deprecated call to `pkg_resources.declare_namespace('sphinxcontrib')`.
Implementing implicit namespace packages (as specified in PEP 420) is preferred to `pkg_resources.declare_namespace`. See https://setuptools.pypa.io/en/latest/references/keywords.html#keyword-namespace-packages
  declare_namespace(pkg)
/usr/local/lib/python3.10/dist-packages/sanic_cors/extension.py:39: DeprecationWarning: distutils Version classes are deprecated. Use packaging.version instead.
  SANIC_VERSION = LooseVersion(sanic_version)
/usr/local/lib/python3.10/dist-packages/tensorflow/lite/python/util.py:52: DeprecationWarning: jax.xla_computation is deprecated. Please use the AOT APIs.
  from jax import xla_computation as _xla_computation
2024-10-12 03:03:27 INFO     numexpr.utils  - NumExpr defaulting to 2 threads.
2024-10-12 03:03:28 INFO     root  - Starting Rasa server on http://0.0.0.0:5005
2024-10-12 03:03:28 INFO     rasa.core.processor  - Loading model models/20241012-024901-annoying-canteen.tar.gz...
2024-10-12 03:04:03 WARNING  rasa.shared.utils.common  - The UnexpecTED Intent Policy is currently experimental and might change or be removed in the future 🔬 Please share your feedback on it in the forum (https://forum.rasa.com) to help us make this feature ready for production.
2024-10-12 03:04:19 INFO     root  - Rasa server is up and running.
/usr/local/lib/python3.10/dist-packages/rasa/core/tracker_store.py:1044: MovedIn20Warning: Deprecated API features detected! These feature(s) are not compatible with SQLAlchemy 2.0. To prevent incompatible upgrades prior to updating applications, ensure requirements files are pinned to "sqlalchemy<2.0". Set environment variable SQLALCHEMY_WARN_20=1 to show all deprecation warnings.  Set environment variable SQLALCHEMY_SILENCE_UBER_WARNING=1 to silence this message. (Background on SQLAlchemy 2.0 at: https://sqlalche.me/e/b8d9)
  Base: DeclarativeMeta = declarative_base()
/usr/local/lib/python3.10/dist-packages/rasa/shared/utils/validation.py:134: DeprecationWarning: pkg_resources is deprecated as an API. See https://setuptools.pypa.io/en/latest/pkg_resources.html
  import pkg_resources
/usr/local/lib/python3.10/dist-packages/pkg_resources/__init__.py:3121: DeprecationWarning: Deprecated call to `pkg_resources.declare_namespace('google')`.
Implementing implicit namespace packages (as specified in PEP 420) is preferred to `pkg_resources.declare_namespace`. See https://setuptools.pypa.io/en/latest/references/keywords.html#keyword-namespace-packages
  declare_namespace(pkg)
/usr/local/lib/python3.10/dist-packages/pkg_resources/__init__.py:3121: DeprecationWarning: Deprecated call to `pkg_resources.declare_namespace('google.cloud')`.
Implementing implicit namespace packages (as specified in PEP 420) is preferred to `pkg_resources.declare_namespace`. See https://setuptools.pypa.io/en/latest/references/keywords.html#keyword-namespace-packages
  declare_namespace(pkg)
/usr/local/lib/python3.10/dist-packages/pkg_resources/__init__.py:3121: DeprecationWarning: Deprecated call to `pkg_resources.declare_namespace('mpl_toolkits')`.
Implementing implicit namespace packages (as specified in PEP 420) is preferred to `pkg_resources.declare_namespace`. See https://setuptools.pypa.io/en/latest/references/keywords.html#keyword-namespace-packages
  declare_namespace(pkg)
/usr/local/lib/python3.10/dist-packages/pkg_resources/__init__.py:3121: DeprecationWarning: Deprecated call to `pkg_resources.declare_namespace('ruamel')`.
Implementing implicit namespace packages (as specified in PEP 420) is preferred to `pkg_resources.declare_namespace`. See https://setuptools.pypa.io/en/latest/references/keywords.html#keyword-namespace-packages
  declare_namespace(pkg)
/usr/local/lib/python3.10/dist-packages/rasa/core/tracker_store.py:1044: MovedIn20Warning: Deprecated API features detected! These feature(s) are not compatible with SQLAlchemy 2.0. To prevent incompatible upgrades prior to updating applications, ensure requirements files are pinned to "sqlalchemy<2.0". Set environment variable SQLALCHEMY_WARN_20=1 to show all deprecation warnings.  Set environment variable SQLALCHEMY_SILENCE_UBER_WARNING=1 to silence this message. (Background on SQLAlchemy 2.0 at: https://sqlalche.me/e/b8d9)
  Base: DeclarativeMeta = declarative_base()
/usr/local/lib/python3.10/dist-packages/pkg_resources/__init__.py:3121: DeprecationWarning: Deprecated call to `pkg_resources.declare_namespace('sphinxcontrib')`.
Implementing implicit namespace packages (as specified in PEP 420) is preferred to `pkg_resources.declare_namespace`. See https://setuptools.pypa.io/en/latest/references/keywords.html#keyword-namespace-packages
  declare_namespace(pkg)
/usr/local/lib/python3.10/dist-packages/rasa/shared/utils/validation.py:134: DeprecationWarning: pkg_resources is deprecated as an API. See https://setuptools.pypa.io/en/latest/pkg_resources.html
  import pkg_resources
/usr/local/lib/python3.10/dist-packages/pkg_resources/__init__.py:3121: DeprecationWarning: Deprecated call to `pkg_resources.declare_namespace('google')`.
Implementing implicit namespace packages (as specified in PEP 420) is preferred to `pkg_resources.declare_namespace`. See https://setuptools.pypa.io/en/latest/references/keywords.html#keyword-namespace-packages
  declare_namespace(pkg)
/usr/local/lib/python3.10/dist-packages/pkg_resources/__init__.py:3121: DeprecationWarning: Deprecated call to `pkg_resources.declare_namespace('google.cloud')`.
Implementing implicit namespace packages (as specified in PEP 420) is preferred to `pkg_resources.declare_namespace`. See https://setuptools.pypa.io/en/latest/references/keywords.html#keyword-namespace-packages
  declare_namespace(pkg)
/usr/local/lib/python3.10/dist-packages/pkg_resources/__init__.py:3121: DeprecationWarning: Deprecated call to `pkg_resources.declare_namespace('mpl_toolkits')`.
Implementing implicit namespace packages (as specified in PEP 420) is preferred to `pkg_resources.declare_namespace`. See https://setuptools.pypa.io/en/latest/references/keywords.html#keyword-namespace-packages
  declare_namespace(pkg)
/usr/local/lib/python3.10/dist-packages/pkg_resources/__init__.py:3121: DeprecationWarning: Deprecated call to `pkg_resources.declare_namespace('ruamel')`.
Implementing implicit namespace packages (as specified in PEP 420) is preferred to `pkg_resources.declare_namespace`. See https://setuptools.pypa.io/en/latest/references/keywords.html#keyword-namespace-packages
  declare_namespace(pkg)
/usr/local/lib/python3.10/dist-packages/pkg_resources/__init__.py:3121: DeprecationWarning: Deprecated call to `pkg_resources.declare_namespace('sphinxcontrib')`.
Implementing implicit namespace packages (as specified in PEP 420) is preferred to `pkg_resources.declare_namespace`. See https://setuptools.pypa.io/en/latest/references/keywords.html#keyword-namespace-packages
  declare_namespace(pkg)
/usr/local/lib/python3.10/dist-packages/sanic_cors/extension.py:39: DeprecationWarning: distutils Version classes are deprecated. Use packaging.version instead.
  SANIC_VERSION = LooseVersion(sanic_version)
2024-10-12 03:41:59 INFO     rasa_sdk.endpoint  - Starting action endpoint server...
2024-10-12 03:41:59 INFO     rasa_sdk.endpoint  - Starting plugins...
2024-10-12 03:41:59 INFO     rasa_sdk.endpoint  - Action endpoint is up and running on http://0.0.0.0:5055
/usr/local/lib/python3.10/dist-packages/sanic_cors/extension.py:39: DeprecationWarning: distutils Version classes are deprecated. Use packaging.version instead.
  SANIC_VERSION = LooseVersion(sanic_version)
/usr/local/lib/python3.10/dist-packages/tensorflow/lite/python/util.py:52: DeprecationWarning: jax.xla_computation is deprecated. Please use the AOT APIs.
  from jax import xla_computation as _xla_computation
2024-10-12 03:42:03 INFO     numexpr.utils  - NumExpr defaulting to 2 threads.
2024-10-12 03:42:05 INFO     root  - Starting Rasa server on http://0.0.0.0:5005
2024-10-12 03:42:05 INFO     rasa.core.processor  - Loading model models/20241012-024901-annoying-canteen.tar.gz...
2024-10-12 03:42:42 WARNING  rasa.shared.utils.common  - The UnexpecTED Intent Policy is currently experimental and might change or be removed in the future 🔬 Please share your feedback on it in the forum (https://forum.rasa.com) to help us make this feature ready for production.
2024-10-12 03:42:58 INFO     root  - Rasa server is up and running.
[2024-10-12 03:42:58 +0000] [16307] [ERROR] Unable to start server
Traceback (most recent call last):
  File "/usr/local/lib/python3.10/dist-packages/sanic/server/runners.py", line 133, in serve
    http_server = loop.run_until_complete(server_coroutine)
  File "uvloop/loop.pyx", line 1517, in uvloop.loop.Loop.run_until_complete
  File "uvloop/loop.pyx", line 1790, in create_server
OSError: [Errno 98] error while attempting to bind on address ('0.0.0.0', 5005): address already in use
